Using pre-set license

 COMMAND LINE ARGUMENTS:
/Applications/Unity/Hub/Editor/2021.1.0b4/Unity.app/Contents/MacOS/Unity
-adb2
-batchMode
-noUpm
-name
AssetImportWorker0
-projectPath
/Users/Dimka/Unity/Numbers10/Numbers 10
-logFile
Logs/AssetImportWorker0.log
-srvPort
51295
Successfully changed project path to: /Users/Dimka/Unity/Numbers10/Numbers 10
/Users/Dimka/Unity/Numbers10/Numbers 10
Using Asset Import Pipeline V2.
Refreshing native plugins compatible for Editor in 73.34 ms, found 1 plugins.
Preloading 0 native plugins for Editor in 0.00 ms.
Initialize engine version: 2021.1.0b4 (6d90c0720bd4)
[Subsystems] Discovering subsystems at path /Applications/Unity/Hub/Editor/2021.1.0b4/Unity.app/Contents/Resources/UnitySubsystems
[Subsystems] Discovering subsystems at path /Users/Dimka/Unity/Numbers10/Numbers 10/Assets
GfxDevice: creating device client; threaded=0; jobified=0
2021-03-16 16:42:03.287 Unity[10955:218785] (null) preferred device: Apple M1 (high power)
2021-03-16 16:42:03.287 Unity[10955:218785] Metal devices available: 1
2021-03-16 16:42:03.287 Unity[10955:218785] 0: Apple M1 (high power)
2021-03-16 16:42:03.287 Unity[10955:218785] Using device Apple M1 (high power)
Initializing Metal device caps: Apple M1
Initialize mono
Mono path[0] = '/Applications/Unity/Hub/Editor/2021.1.0b4/Unity.app/Contents/Managed'
Mono path[1] = '/Applications/Unity/Hub/Editor/2021.1.0b4/Unity.app/Contents/MonoBleedingEdge/lib/mono/unityjit'
Mono config path = '/Applications/Unity/Hub/Editor/2021.1.0b4/Unity.app/Contents/MonoBleedingEdge/etc'
Using monoOptions --debugger-agent=transport=dt_socket,embedding=1,server=y,suspend=n,address=127.0.0.1:56955
Begin MonoManager ReloadAssembly
Registering precompiled unity dll's ...
Register platform support module: /Applications/Unity/Hub/Editor/2021.1.0b4/Unity.app/Contents/PlaybackEngines/MacStandaloneSupport/UnityEditor.OSXStandalone.Extensions.dll
Registered in 0.001888 seconds.
Native extension for OSXStandalone target not found
Refreshing native plugins compatible for Editor in 82.61 ms, found 1 plugins.
Preloading 0 native plugins for Editor in 0.00 ms.
Mono: successfully reloaded assembly
- Completed reload, in  2.448 seconds
Platform modules already initialized, skipping
Registering precompiled user dll's ...
Registered in 0.003773 seconds.
Begin MonoManager ReloadAssembly
Native extension for OSXStandalone target not found
Refreshing native plugins compatible for Editor in 0.47 ms, found 1 plugins.
Preloading 0 native plugins for Editor in 0.00 ms.
Mono: successfully reloaded assembly
- Completed reload, in  2.257 seconds
Platform modules already initialized, skipping
========================================================================
Worker process is ready to serve import requests
Launching external process: /Applications/Unity/Hub/Editor/2021.1.0b4/Unity.app/Contents/Tools/UnityShaderCompiler
Launched and connected shader compiler UnityShaderCompiler after 0.04 seconds
Refreshing native plugins compatible for Editor in 0.57 ms, found 1 plugins.
Preloading 0 native plugins for Editor in 0.00 ms.
Unloading 2702 Unused Serialized files (Serialized files now loaded: 0)
System memory in use before: 301.0 MB.
System memory in use after: 301.2 MB.

Unloading 15 unused Assets to reduce memory usage. Loaded Objects now: 3152.
Total: 1.425500 ms (FindLiveObjects: 0.148541 ms CreateObjectMapping: 0.052667 ms MarkObjects: 1.162041 ms  DeleteObjects: 0.061042 ms)

========================================================================
Received Import Request.
  path: Assets/Scripts/Logic.cs
  artifactKey: Guid(43e70a06537c648a18a9d2e899ff677b) Importer(815301076,1909f56bfc062723c751e8b465ee728b)
Start importing Assets/Scripts/Logic.cs using Guid(43e70a06537c648a18a9d2e899ff677b) Importer(815301076,1909f56bfc062723c751e8b465ee728b)  -> (artifact id: 'cc1455778743edf33fa9dea9b2c87c4b') in 0.279782 seconds 
========================================================================
Received Prepare
Registering precompiled user dll's ...
Registered in 0.001260 seconds.
Begin MonoManager ReloadAssembly
Native extension for OSXStandalone target not found
Refreshing native plugins compatible for Editor in 0.49 ms, found 1 plugins.
Preloading 0 native plugins for Editor in 0.00 ms.
Mono: successfully reloaded assembly
- Completed reload, in  2.381 seconds
Platform modules already initialized, skipping
Refreshing native plugins compatible for Editor in 0.36 ms, found 1 plugins.
Preloading 0 native plugins for Editor in 0.00 ms.
Unloading 2685 Unused Serialized files (Serialized files now loaded: 0)
System memory in use before: 304.5 MB.
System memory in use after: 304.7 MB.

Unloading 10 unused Assets to reduce memory usage. Loaded Objects now: 3155.
Total: 1.519625 ms (FindLiveObjects: 0.118375 ms CreateObjectMapping: 0.054541 ms MarkObjects: 1.296625 ms  DeleteObjects: 0.049333 ms)

========================================================================
Received Prepare
Registering precompiled user dll's ...
Registered in 0.001916 seconds.
Begin MonoManager ReloadAssembly
Native extension for OSXStandalone target not found
Refreshing native plugins compatible for Editor in 0.46 ms, found 1 plugins.
Preloading 0 native plugins for Editor in 0.00 ms.
Mono: successfully reloaded assembly
- Completed reload, in  2.280 seconds
Platform modules already initialized, skipping
Refreshing native plugins compatible for Editor in 0.42 ms, found 1 plugins.
Preloading 0 native plugins for Editor in 0.00 ms.
Unloading 2686 Unused Serialized files (Serialized files now loaded: 0)
System memory in use before: 304.8 MB.
System memory in use after: 305.0 MB.

Unloading 10 unused Assets to reduce memory usage. Loaded Objects now: 3158.
Total: 1.550458 ms (FindLiveObjects: 0.133833 ms CreateObjectMapping: 0.057209 ms MarkObjects: 1.312750 ms  DeleteObjects: 0.045750 ms)

========================================================================
Received Prepare
Registering precompiled user dll's ...
Registered in 0.002589 seconds.
Begin MonoManager ReloadAssembly
Native extension for OSXStandalone target not found
Refreshing native plugins compatible for Editor in 0.49 ms, found 1 plugins.
Preloading 0 native plugins for Editor in 0.00 ms.
Mono: successfully reloaded assembly
- Completed reload, in  2.237 seconds
Platform modules already initialized, skipping
Refreshing native plugins compatible for Editor in 0.43 ms, found 1 plugins.
Preloading 0 native plugins for Editor in 0.00 ms.
Unloading 2689 Unused Serialized files (Serialized files now loaded: 0)
System memory in use before: 305.1 MB.
System memory in use after: 305.3 MB.

Unloading 10 unused Assets to reduce memory usage. Loaded Objects now: 3163.
Total: 1.727792 ms (FindLiveObjects: 0.155208 ms CreateObjectMapping: 0.055542 ms MarkObjects: 1.463292 ms  DeleteObjects: 0.052834 ms)

AssetImportWorkerClient::OnTransportError - code=2 error=End of file
